# JRE version: OpenJDK Runtime Environment (21.0.6) (build 21.0.6+-13368085-b895.109)
# Java VM: OpenJDK 64-Bit Server VM (21.0.6+-13368085-b895.109, mixed mode, tiered, compressed oops, compressed class ptrs, g1 gc, windows-amd64)
GC Precious Log:
 CardTable entry size: 512
 Card Set container configuration: InlinePtr #cards 5 size 8 Array Of Cards #cards 12 size 40 Howl #buckets 4 coarsen threshold 1843 Howl Bitmap #cards 512 size 80 coarsen threshold 460 Card regions per heap region 1 cards per card region 2048
 CPUs: 4 total, 4 available
 Memory: 3914M
 Large Page Support: Disabled
 NUMA Support: Disabled
 Compressed Oops: Enabled (32-bit)
 Heap Region Size: 1M
 Heap Min Capacity: 8M
 Heap Initial Capacity: 62M
 Heap Max Capacity: 2G
 Pre-touch: Disabled
 Parallel Workers: 4
 Concurrent Workers: 1
 Concurrent Refinement Workers: 4
 Periodic GC: Disabled
Heap:
 garbage-first heap   total 140288K, used 112183K [0x0000000080000000, 0x0000000100000000)
  region size 1024K, 28 young (28672K), 4 survivors (4096K)
 Metaspace       used 89339K, committed 91264K, reserved 1179648K
  class space    used 12006K, committed 12928K, reserved 1048576K
GC Heap History (20 events):
Event: 30.402 GC heap before
{Heap before GC invocations=27 (full 0):
 garbage-first heap   total 92160K, used 82511K [0x0000000080000000, 0x0000000100000000)
  region size 1024K, 34 young (34816K), 3 survivors (3072K)
 Metaspace       used 66766K, committed 68352K, reserved 1114112K
  class space    used 9036K, committed 9856K, reserved 1048576K
}
Event: 30.410 GC heap after
{Heap after GC invocations=28 (full 0):
 garbage-first heap   total 92160K, used 51369K [0x0000000080000000, 0x0000000100000000)
  region size 1024K, 3 young (3072K), 3 survivors (3072K)
 Metaspace       used 66766K, committed 68352K, reserved 1114112K
  class space    used 9036K, committed 9856K, reserved 1048576K
}
Event: 30.836 GC heap before
{Heap before GC invocations=28 (full 0):
 garbage-first heap   total 92160K, used 68777K [0x0000000080000000, 0x0000000100000000)
  region size 1024K, 21 young (21504K), 3 survivors (3072K)
 Metaspace       used 67028K, committed 68736K, reserved 1114112K
  class space    used 9073K, committed 9920K, reserved 1048576K
}
Event: 30.843 GC heap after
{Heap after GC invocations=29 (full 0):
 garbage-first heap   total 110592K, used 52619K [0x0000000080000000, 0x0000000100000000)
  region size 1024K, 4 young (4096K), 4 survivors (4096K)
 Metaspace       used 67028K, committed 68736K, reserved 1114112K
  class space    used 9073K, committed 9920K, reserved 1048576K
}
Event: 30.865 GC heap before
{Heap before GC invocations=29 (full 0):
 garbage-first heap   total 110592K, used 53643K [0x0000000080000000, 0x0000000100000000)
  region size 1024K, 5 young (5120K), 4 survivors (4096K)
 Metaspace       used 67033K, committed 68736K, reserved 1114112K
  class space    used 9073K, committed 9920K, reserved 1048576K
}
Event: 30.870 GC heap after
{Heap after GC invocations=30 (full 0):
 garbage-first heap   total 110592K, used 53926K [0x0000000080000000, 0x0000000100000000)
  region size 1024K, 4 young (4096K), 4 survivors (4096K)
 Metaspace       used 67033K, committed 68736K, reserved 1114112K
  class space    used 9073K, committed 9920K, reserved 1048576K
}
Event: 32.867 GC heap before
{Heap before GC invocations=31 (full 0):
 garbage-first heap   total 110592K, used 108198K [0x0000000080000000, 0x0000000100000000)
  region size 1024K, 45 young (46080K), 4 survivors (4096K)
 Metaspace       used 69719K, committed 71360K, reserved 1114112K
  class space    used 9427K, committed 10240K, reserved 1048576K
}
Event: 32.895 GC heap after
{Heap after GC invocations=32 (full 0):
 garbage-first heap   total 120832K, used 73216K [0x0000000080000000, 0x0000000100000000)
  region size 1024K, 6 young (6144K), 6 survivors (6144K)
 Metaspace       used 69719K, committed 71360K, reserved 1114112K
  class space    used 9427K, committed 10240K, reserved 1048576K
}
Event: 33.836 GC heap before
{Heap before GC invocations=32 (full 0):
 garbage-first heap   total 120832K, used 105984K [0x0000000080000000, 0x0000000100000000)
  region size 1024K, 39 young (39936K), 6 survivors (6144K)
 Metaspace       used 73095K, committed 74752K, reserved 1114112K
  class space    used 9789K, committed 10624K, reserved 1048576K
}
Event: 33.846 GC heap after
{Heap after GC invocations=33 (full 0):
 garbage-first heap   total 120832K, used 73412K [0x0000000080000000, 0x0000000100000000)
  region size 1024K, 1 young (1024K), 1 survivors (1024K)
 Metaspace       used 73095K, committed 74752K, reserved 1114112K
  class space    used 9789K, committed 10624K, reserved 1048576K
}
Event: 37.480 GC heap before
{Heap before GC invocations=33 (full 0):
 garbage-first heap   total 120832K, used 107204K [0x0000000080000000, 0x0000000100000000)
  region size 1024K, 36 young (36864K), 1 survivors (1024K)
 Metaspace       used 77377K, committed 79104K, reserved 1179648K
  class space    used 10407K, committed 11264K, reserved 1048576K
}
Event: 37.488 GC heap after
{Heap after GC invocations=34 (full 0):
 garbage-first heap   total 120832K, used 76085K [0x0000000080000000, 0x0000000100000000)
  region size 1024K, 4 young (4096K), 4 survivors (4096K)
 Metaspace       used 77377K, committed 79104K, reserved 1179648K
  class space    used 10407K, committed 11264K, reserved 1048576K
}
Event: 39.310 GC heap before
{Heap before GC invocations=35 (full 0):
 garbage-first heap   total 137216K, used 111925K [0x0000000080000000, 0x0000000100000000)
  region size 1024K, 35 young (35840K), 4 survivors (4096K)
 Metaspace       used 78926K, committed 80704K, reserved 1179648K
  class space    used 10616K, committed 11520K, reserved 1048576K
}
Event: 39.319 GC heap after
{Heap after GC invocations=36 (full 0):
 garbage-first heap   total 137216K, used 80364K [0x0000000080000000, 0x0000000100000000)
  region size 1024K, 4 young (4096K), 4 survivors (4096K)
 Metaspace       used 78926K, committed 80704K, reserved 1179648K
  class space    used 10616K, committed 11520K, reserved 1048576K
}
Event: 41.905 GC heap before
{Heap before GC invocations=36 (full 0):
 garbage-first heap   total 137216K, used 119276K [0x0000000080000000, 0x0000000100000000)
  region size 1024K, 42 young (43008K), 4 survivors (4096K)
 Metaspace       used 81822K, committed 83648K, reserved 1179648K
  class space    used 10993K, committed 11904K, reserved 1048576K
}
Event: 41.921 GC heap after
{Heap after GC invocations=37 (full 0):
 garbage-first heap   total 137216K, used 81888K [0x0000000080000000, 0x0000000100000000)
  region size 1024K, 3 young (3072K), 3 survivors (3072K)
 Metaspace       used 81822K, committed 83648K, reserved 1179648K
  class space    used 10993K, committed 11904K, reserved 1048576K
}
Event: 45.855 GC heap before
{Heap before GC invocations=37 (full 0):
 garbage-first heap   total 137216K, used 120800K [0x0000000080000000, 0x0000000100000000)
  region size 1024K, 41 young (41984K), 3 survivors (3072K)
 Metaspace       used 86060K, committed 87936K, reserved 1179648K
  class space    used 11539K, committed 12480K, reserved 1048576K
}
Event: 45.872 GC heap after
{Heap after GC invocations=38 (full 0):
 garbage-first heap   total 137216K, used 83652K [0x0000000080000000, 0x0000000100000000)
  region size 1024K, 4 young (4096K), 4 survivors (4096K)
 Metaspace       used 86060K, committed 87936K, reserved 1179648K
  class space    used 11539K, committed 12480K, reserved 1048576K
}
Event: 49.244 GC heap before
{Heap before GC invocations=39 (full 0):
 garbage-first heap   total 140288K, used 126660K [0x0000000080000000, 0x0000000100000000)
  region size 1024K, 43 young (44032K), 4 survivors (4096K)
 Metaspace       used 88654K, committed 90496K, reserved 1179648K
  class space    used 11918K, committed 12864K, reserved 1048576K
}
Event: 49.252 GC heap after
{Heap after GC invocations=40 (full 0):
 garbage-first heap   total 140288K, used 88631K [0x0000000080000000, 0x0000000100000000)
  region size 1024K, 4 young (4096K), 4 survivors (4096K)
 Metaspace       used 88654K, committed 90496K, reserved 1179648K
  class space    used 11918K, committed 12864K, reserved 1048576K
}

