# JRE version: OpenJDK Runtime Environment (21.0.6) (build 21.0.6+-13368085-b895.109)
# Java VM: OpenJDK 64-Bit Server VM (21.0.6+-13368085-b895.109, mixed mode, tiered, compressed oops, compressed class ptrs, g1 gc, windows-amd64)
GC Precious Log:
 CardTable entry size: 512
 Card Set container configuration: InlinePtr #cards 5 size 8 Array Of Cards #cards 12 size 40 Howl #buckets 4 coarsen threshold 1843 Howl Bitmap #cards 512 size 80 coarsen threshold 460 Card regions per heap region 1 cards per card region 2048
 CPUs: 4 total, 4 available
 Memory: 3914M
 Large Page Support: Disabled
 NUMA Support: Disabled
 Compressed Oops: Enabled (32-bit)
 Heap Region Size: 1M
 Heap Min Capacity: 8M
 Heap Initial Capacity: 62M
 Heap Max Capacity: 2G
 Pre-touch: Disabled
 Parallel Workers: 4
 Concurrent Workers: 1
 Concurrent Refinement Workers: 4
 Periodic GC: Disabled
Heap:
 garbage-first heap   total 175104K, used 148757K [0x0000000080000000, 0x0000000100000000)
  region size 1024K, 56 young (57344K), 5 survivors (5120K)
 Metaspace       used 103571K, committed 105664K, reserved 1179648K
  class space    used 14160K, committed 15168K, reserved 1048576K
GC Heap History (20 events):
Event: 48.419 GC heap before
{Heap before GC invocations=37 (full 0):
 garbage-first heap   total 119808K, used 105404K [0x0000000080000000, 0x0000000100000000)
  region size 1024K, 36 young (36864K), 2 survivors (2048K)
 Metaspace       used 73409K, committed 75072K, reserved 1114112K
  class space    used 9839K, committed 10688K, reserved 1048576K
}
Event: 48.426 GC heap after
{Heap after GC invocations=38 (full 0):
 garbage-first heap   total 119808K, used 71868K [0x0000000080000000, 0x0000000100000000)
  region size 1024K, 3 young (3072K), 3 survivors (3072K)
 Metaspace       used 73409K, committed 75072K, reserved 1114112K
  class space    used 9839K, committed 10688K, reserved 1048576K
}
Event: 49.862 GC heap before
{Heap before GC invocations=38 (full 0):
 garbage-first heap   total 119808K, used 103612K [0x0000000080000000, 0x0000000100000000)
  region size 1024K, 36 young (36864K), 3 survivors (3072K)
 Metaspace       used 77365K, committed 79168K, reserved 1179648K
  class space    used 10409K, committed 11328K, reserved 1048576K
}
Event: 49.871 GC heap after
{Heap after GC invocations=39 (full 0):
 garbage-first heap   total 119808K, used 74434K [0x0000000080000000, 0x0000000100000000)
  region size 1024K, 5 young (5120K), 5 survivors (5120K)
 Metaspace       used 77365K, committed 79168K, reserved 1179648K
  class space    used 10409K, committed 11328K, reserved 1048576K
}
Event: 51.008 GC heap before
{Heap before GC invocations=40 (full 0):
 garbage-first heap   total 132096K, used 112322K [0x0000000080000000, 0x0000000100000000)
  region size 1024K, 37 young (37888K), 5 survivors (5120K)
 Metaspace       used 78995K, committed 80832K, reserved 1179648K
  class space    used 10625K, committed 11584K, reserved 1048576K
}
Event: 51.043 GC heap after
{Heap after GC invocations=41 (full 0):
 garbage-first heap   total 132096K, used 78705K [0x0000000080000000, 0x0000000100000000)
  region size 1024K, 4 young (4096K), 4 survivors (4096K)
 Metaspace       used 78995K, committed 80832K, reserved 1179648K
  class space    used 10625K, committed 11584K, reserved 1048576K
}
Event: 55.802 GC heap before
{Heap before GC invocations=41 (full 0):
 garbage-first heap   total 132096K, used 116593K [0x0000000080000000, 0x0000000100000000)
  region size 1024K, 41 young (41984K), 4 survivors (4096K)
 Metaspace       used 81805K, committed 83648K, reserved 1179648K
  class space    used 10992K, committed 11904K, reserved 1048576K
}
Event: 55.876 GC heap after
{Heap after GC invocations=42 (full 0):
 garbage-first heap   total 132096K, used 81076K [0x0000000080000000, 0x0000000100000000)
  region size 1024K, 3 young (3072K), 3 survivors (3072K)
 Metaspace       used 81805K, committed 83648K, reserved 1179648K
  class space    used 10992K, committed 11904K, reserved 1048576K
}
Event: 58.606 GC heap before
{Heap before GC invocations=42 (full 0):
 garbage-first heap   total 132096K, used 118964K [0x0000000080000000, 0x0000000100000000)
  region size 1024K, 40 young (40960K), 3 survivors (3072K)
 Metaspace       used 85968K, committed 87808K, reserved 1179648K
  class space    used 11534K, committed 12480K, reserved 1048576K
}
Event: 58.629 GC heap after
{Heap after GC invocations=43 (full 0):
 garbage-first heap   total 132096K, used 82377K [0x0000000080000000, 0x0000000100000000)
  region size 1024K, 4 young (4096K), 4 survivors (4096K)
 Metaspace       used 85968K, committed 87808K, reserved 1179648K
  class space    used 11534K, committed 12480K, reserved 1048576K
}
Event: 59.254 GC heap before
{Heap before GC invocations=43 (full 0):
 garbage-first heap   total 132096K, used 110025K [0x0000000080000000, 0x0000000100000000)
  region size 1024K, 32 young (32768K), 4 survivors (4096K)
 Metaspace       used 88000K, committed 89856K, reserved 1179648K
  class space    used 11798K, committed 12736K, reserved 1048576K
}
Event: 59.266 GC heap after
{Heap after GC invocations=44 (full 0):
 garbage-first heap   total 132096K, used 83202K [0x0000000080000000, 0x0000000100000000)
  region size 1024K, 3 young (3072K), 3 survivors (3072K)
 Metaspace       used 88000K, committed 89856K, reserved 1179648K
  class space    used 11798K, committed 12736K, reserved 1048576K
}
Event: 60.340 GC heap before
{Heap before GC invocations=45 (full 0):
 garbage-first heap   total 145408K, used 123138K [0x0000000080000000, 0x0000000100000000)
  region size 1024K, 39 young (39936K), 3 survivors (3072K)
 Metaspace       used 89361K, committed 91200K, reserved 1179648K
  class space    used 12008K, committed 12928K, reserved 1048576K
}
Event: 60.352 GC heap after
{Heap after GC invocations=46 (full 0):
 garbage-first heap   total 145408K, used 90802K [0x0000000080000000, 0x0000000100000000)
  region size 1024K, 5 young (5120K), 5 survivors (5120K)
 Metaspace       used 89361K, committed 91200K, reserved 1179648K
  class space    used 12008K, committed 12928K, reserved 1048576K
}
Event: 61.544 GC heap before
{Heap before GC invocations=46 (full 0):
 garbage-first heap   total 145408K, used 130738K [0x0000000080000000, 0x0000000100000000)
  region size 1024K, 44 young (45056K), 5 survivors (5120K)
 Metaspace       used 91250K, committed 93184K, reserved 1179648K
  class space    used 12242K, committed 13184K, reserved 1048576K
}
Event: 61.562 GC heap after
{Heap after GC invocations=47 (full 0):
 garbage-first heap   total 175104K, used 93250K [0x0000000080000000, 0x0000000100000000)
  region size 1024K, 4 young (4096K), 4 survivors (4096K)
 Metaspace       used 91250K, committed 93184K, reserved 1179648K
  class space    used 12242K, committed 13184K, reserved 1048576K
}
Event: 63.329 GC heap before
{Heap before GC invocations=47 (full 0):
 garbage-first heap   total 175104K, used 146498K [0x0000000080000000, 0x0000000100000000)
  region size 1024K, 56 young (57344K), 4 survivors (4096K)
 Metaspace       used 95273K, committed 97280K, reserved 1179648K
  class space    used 12911K, committed 13888K, reserved 1048576K
}
Event: 63.338 GC heap after
{Heap after GC invocations=48 (full 0):
 garbage-first heap   total 175104K, used 94818K [0x0000000080000000, 0x0000000100000000)
  region size 1024K, 6 young (6144K), 6 survivors (6144K)
 Metaspace       used 95273K, committed 97280K, reserved 1179648K
  class space    used 12911K, committed 13888K, reserved 1048576K
}
Event: 65.200 GC heap before
{Heap before GC invocations=48 (full 0):
 garbage-first heap   total 175104K, used 157282K [0x0000000080000000, 0x0000000100000000)
  region size 1024K, 67 young (68608K), 6 survivors (6144K)
 Metaspace       used 99726K, committed 101696K, reserved 1179648K
  class space    used 13600K, committed 14592K, reserved 1048576K
}
Event: 65.227 GC heap after
{Heap after GC invocations=49 (full 0):
 garbage-first heap   total 175104K, used 97557K [0x0000000080000000, 0x0000000100000000)
  region size 1024K, 5 young (5120K), 5 survivors (5120K)
 Metaspace       used 99726K, committed 101696K, reserved 1179648K
  class space    used 13600K, committed 14592K, reserved 1048576K
}

