# JRE version: OpenJDK Runtime Environment (21.0.6) (build 21.0.6+-13368085-b895.109)
# Java VM: OpenJDK 64-Bit Server VM (21.0.6+-13368085-b895.109, mixed mode, tiered, compressed oops, compressed class ptrs, g1 gc, windows-amd64)
GC Precious Log:
 CardTable entry size: 512
 Card Set container configuration: InlinePtr #cards 5 size 8 Array Of Cards #cards 12 size 40 Howl #buckets 4 coarsen threshold 1843 Howl Bitmap #cards 512 size 80 coarsen threshold 460 Card regions per heap region 1 cards per card region 2048
 CPUs: 4 total, 4 available
 Memory: 3914M
 Large Page Support: Disabled
 NUMA Support: Disabled
 Compressed Oops: Enabled (32-bit)
 Heap Region Size: 1M
 Heap Min Capacity: 8M
 Heap Initial Capacity: 62M
 Heap Max Capacity: 2G
 Pre-touch: Disabled
 Parallel Workers: 4
 Concurrent Workers: 1
 Concurrent Refinement Workers: 4
 Periodic GC: Disabled
Heap:
 garbage-first heap   total 227328K, used 189952K [0x0000000080000000, 0x0000000100000000)
  region size 1024K, 27 young (27648K), 9 survivors (9216K)
 Metaspace       used 116698K, committed 118912K, reserved 1179648K
  class space    used 15842K, committed 16960K, reserved 1048576K
GC Heap History (20 events):
Event: 107.786 GC heap before
{Heap before GC invocations=47 (full 0):
 garbage-first heap   total 167936K, used 142151K [0x0000000080000000, 0x0000000100000000)
  region size 1024K, 63 young (64512K), 3 survivors (3072K)
 Metaspace       used 87589K, committed 89472K, reserved 1179648K
  class space    used 11729K, committed 12672K, reserved 1048576K
}
Event: 107.986 GC heap after
{Heap after GC invocations=48 (full 0):
 garbage-first heap   total 167936K, used 83091K [0x0000000080000000, 0x0000000100000000)
  region size 1024K, 5 young (5120K), 5 survivors (5120K)
 Metaspace       used 87589K, committed 89472K, reserved 1179648K
  class space    used 11729K, committed 12672K, reserved 1048576K
}
Event: 110.820 GC heap before
{Heap before GC invocations=49 (full 0):
 garbage-first heap   total 167936K, used 153747K [0x0000000080000000, 0x0000000100000000)
  region size 1024K, 71 young (72704K), 5 survivors (5120K)
 Metaspace       used 90044K, committed 91968K, reserved 1179648K
  class space    used 12077K, committed 13056K, reserved 1048576K
}
Event: 110.877 GC heap after
{Heap after GC invocations=50 (full 0):
 garbage-first heap   total 167936K, used 91262K [0x0000000080000000, 0x0000000100000000)
  region size 1024K, 9 young (9216K), 9 survivors (9216K)
 Metaspace       used 90044K, committed 91968K, reserved 1179648K
  class space    used 12077K, committed 13056K, reserved 1048576K
}
Event: 112.639 GC heap before
{Heap before GC invocations=50 (full 0):
 garbage-first heap   total 167936K, used 149630K [0x0000000080000000, 0x0000000100000000)
  region size 1024K, 65 young (66560K), 9 survivors (9216K)
 Metaspace       used 94326K, committed 96256K, reserved 1179648K
  class space    used 12730K, committed 13696K, reserved 1048576K
}
Event: 112.662 GC heap after
{Heap after GC invocations=51 (full 0):
 garbage-first heap   total 167936K, used 93614K [0x0000000080000000, 0x0000000100000000)
  region size 1024K, 3 young (3072K), 3 survivors (3072K)
 Metaspace       used 94326K, committed 96256K, reserved 1179648K
  class space    used 12730K, committed 13696K, reserved 1048576K
}
Event: 115.844 GC heap before
{Heap before GC invocations=51 (full 0):
 garbage-first heap   total 167936K, used 153006K [0x0000000080000000, 0x0000000100000000)
  region size 1024K, 61 young (62464K), 3 survivors (3072K)
 Metaspace       used 98792K, committed 100800K, reserved 1179648K
  class space    used 13457K, committed 14464K, reserved 1048576K
}
Event: 115.956 GC heap after
{Heap after GC invocations=52 (full 0):
 garbage-first heap   total 167936K, used 95941K [0x0000000080000000, 0x0000000100000000)
  region size 1024K, 5 young (5120K), 5 survivors (5120K)
 Metaspace       used 98792K, committed 100800K, reserved 1179648K
  class space    used 13457K, committed 14464K, reserved 1048576K
}
Event: 122.263 GC heap before
{Heap before GC invocations=53 (full 0):
 garbage-first heap   total 167936K, used 152261K [0x0000000080000000, 0x0000000100000000)
  region size 1024K, 61 young (62464K), 5 survivors (5120K)
 Metaspace       used 102558K, committed 104640K, reserved 1179648K
  class space    used 14049K, committed 15104K, reserved 1048576K
}
Event: 122.334 GC heap after
{Heap after GC invocations=54 (full 0):
 garbage-first heap   total 167936K, used 98059K [0x0000000080000000, 0x0000000100000000)
  region size 1024K, 6 young (6144K), 6 survivors (6144K)
 Metaspace       used 102558K, committed 104640K, reserved 1179648K
  class space    used 14049K, committed 15104K, reserved 1048576K
}
Event: 124.406 GC heap before
{Heap before GC invocations=54 (full 0):
 garbage-first heap   total 167936K, used 151307K [0x0000000080000000, 0x0000000100000000)
  region size 1024K, 59 young (60416K), 6 survivors (6144K)
 Metaspace       used 107682K, committed 109760K, reserved 1179648K
  class space    used 14758K, committed 15808K, reserved 1048576K
}
Event: 124.437 GC heap after
{Heap after GC invocations=55 (full 0):
 garbage-first heap   total 201728K, used 99772K [0x0000000080000000, 0x0000000100000000)
  region size 1024K, 6 young (6144K), 6 survivors (6144K)
 Metaspace       used 107682K, committed 109760K, reserved 1179648K
  class space    used 14758K, committed 15808K, reserved 1048576K
}
Event: 131.345 GC heap before
{Heap before GC invocations=55 (full 0):
 garbage-first heap   total 201728K, used 182716K [0x0000000080000000, 0x0000000100000000)
  region size 1024K, 88 young (90112K), 6 survivors (6144K)
 Metaspace       used 111626K, committed 113792K, reserved 1179648K
  class space    used 15318K, committed 16384K, reserved 1048576K
}
Event: 131.415 GC heap after
{Heap after GC invocations=56 (full 0):
 garbage-first heap   total 201728K, used 107662K [0x0000000080000000, 0x0000000100000000)
  region size 1024K, 11 young (11264K), 11 survivors (11264K)
 Metaspace       used 111626K, committed 113792K, reserved 1179648K
  class space    used 15318K, committed 16384K, reserved 1048576K
}
Event: 137.160 GC heap before
{Heap before GC invocations=57 (full 0):
 garbage-first heap   total 201728K, used 182414K [0x0000000080000000, 0x0000000100000000)
  region size 1024K, 80 young (81920K), 11 survivors (11264K)
 Metaspace       used 113291K, committed 115456K, reserved 1179648K
  class space    used 15499K, committed 16576K, reserved 1048576K
}
Event: 137.234 GC heap after
{Heap after GC invocations=58 (full 0):
 garbage-first heap   total 201728K, used 113126K [0x0000000080000000, 0x0000000100000000)
  region size 1024K, 6 young (6144K), 6 survivors (6144K)
 Metaspace       used 113291K, committed 115456K, reserved 1179648K
  class space    used 15499K, committed 16576K, reserved 1048576K
}
Event: 142.695 GC heap before
{Heap before GC invocations=58 (full 0):
 garbage-first heap   total 201728K, used 192998K [0x0000000080000000, 0x0000000100000000)
  region size 1024K, 75 young (76800K), 6 survivors (6144K)
 Metaspace       used 115528K, committed 117760K, reserved 1179648K
  class space    used 15719K, committed 16832K, reserved 1048576K
}
Event: 142.891 GC heap after
{Heap after GC invocations=59 (full 0):
 garbage-first heap   total 227328K, used 138669K [0x0000000080000000, 0x0000000100000000)
  region size 1024K, 10 young (10240K), 10 survivors (10240K)
 Metaspace       used 115528K, committed 117760K, reserved 1179648K
  class space    used 15719K, committed 16832K, reserved 1048576K
}
Event: 144.442 GC heap before
{Heap before GC invocations=59 (full 0):
 garbage-first heap   total 227328K, used 173485K [0x0000000080000000, 0x0000000100000000)
  region size 1024K, 46 young (47104K), 10 survivors (10240K)
 Metaspace       used 115609K, committed 117824K, reserved 1179648K
  class space    used 15726K, committed 16832K, reserved 1048576K
}
Event: 144.715 GC heap after
{Heap after GC invocations=60 (full 0):
 garbage-first heap   total 227328K, used 147968K [0x0000000080000000, 0x0000000100000000)
  region size 1024K, 9 young (9216K), 9 survivors (9216K)
 Metaspace       used 115609K, committed 117824K, reserved 1179648K
  class space    used 15726K, committed 16832K, reserved 1048576K
}

