# JRE version: OpenJDK Runtime Environment (21.0.6) (build 21.0.6+-13368085-b895.109)
# Java VM: OpenJDK 64-Bit Server VM (21.0.6+-13368085-b895.109, mixed mode, tiered, compressed oops, compressed class ptrs, g1 gc, windows-amd64)
GC Precious Log:
 CardTable entry size: 512
 Card Set container configuration: InlinePtr #cards 5 size 8 Array Of Cards #cards 12 size 40 Howl #buckets 4 coarsen threshold 1843 Howl Bitmap #cards 512 size 80 coarsen threshold 460 Card regions per heap region 1 cards per card region 2048
 CPUs: 4 total, 4 available
 Memory: 3914M
 Large Page Support: Disabled
 NUMA Support: Disabled
 Compressed Oops: Enabled (32-bit)
 Heap Region Size: 1M
 Heap Min Capacity: 8M
 Heap Initial Capacity: 62M
 Heap Max Capacity: 2G
 Pre-touch: Disabled
 Parallel Workers: 4
 Concurrent Workers: 1
 Concurrent Refinement Workers: 4
 Periodic GC: Disabled
Heap:
 garbage-first heap   total 219136K, used 161280K [0x0000000080000000, 0x0000000100000000)
  region size 1024K, 23 young (23552K), 6 survivors (6144K)
 Metaspace       used 115635K, committed 117824K, reserved 1179648K
  class space    used 15698K, committed 16768K, reserved 1048576K
GC Heap History (20 events):
Event: 77.488 GC heap before
{Heap before GC invocations=46 (full 0):
 garbage-first heap   total 168960K, used 155748K [0x0000000080000000, 0x0000000100000000)
  region size 1024K, 73 young (74752K), 5 survivors (5120K)
 Metaspace       used 90602K, committed 92544K, reserved 1179648K
  class space    used 12161K, committed 13120K, reserved 1048576K
}
Event: 77.531 GC heap after
{Heap after GC invocations=47 (full 0):
 garbage-first heap   total 168960K, used 91586K [0x0000000080000000, 0x0000000100000000)
  region size 1024K, 10 young (10240K), 10 survivors (10240K)
 Metaspace       used 90602K, committed 92544K, reserved 1179648K
  class space    used 12161K, committed 13120K, reserved 1048576K
}
Event: 82.090 GC heap before
{Heap before GC invocations=47 (full 0):
 garbage-first heap   total 168960K, used 148930K [0x0000000080000000, 0x0000000100000000)
  region size 1024K, 66 young (67584K), 10 survivors (10240K)
 Metaspace       used 94914K, committed 96896K, reserved 1179648K
  class space    used 12837K, committed 13824K, reserved 1048576K
}
Event: 82.130 GC heap after
{Heap after GC invocations=48 (full 0):
 garbage-first heap   total 168960K, used 93166K [0x0000000080000000, 0x0000000100000000)
  region size 1024K, 3 young (3072K), 3 survivors (3072K)
 Metaspace       used 94914K, committed 96896K, reserved 1179648K
  class space    used 12837K, committed 13824K, reserved 1048576K
}
Event: 85.226 GC heap before
{Heap before GC invocations=48 (full 0):
 garbage-first heap   total 168960K, used 154606K [0x0000000080000000, 0x0000000100000000)
  region size 1024K, 63 young (64512K), 3 survivors (3072K)
 Metaspace       used 99342K, committed 101376K, reserved 1179648K
  class space    used 13533K, committed 14528K, reserved 1048576K
}
Event: 85.244 GC heap after
{Heap after GC invocations=49 (full 0):
 garbage-first heap   total 168960K, used 95301K [0x0000000080000000, 0x0000000100000000)
  region size 1024K, 5 young (5120K), 5 survivors (5120K)
 Metaspace       used 99342K, committed 101376K, reserved 1179648K
  class space    used 13533K, committed 14528K, reserved 1048576K
}
Event: 87.899 GC heap before
{Heap before GC invocations=50 (full 0):
 garbage-first heap   total 168960K, used 153669K [0x0000000080000000, 0x0000000100000000)
  region size 1024K, 62 young (63488K), 5 survivors (5120K)
 Metaspace       used 103397K, committed 105536K, reserved 1179648K
  class space    used 14184K, committed 15232K, reserved 1048576K
}
Event: 87.921 GC heap after
{Heap after GC invocations=51 (full 0):
 garbage-first heap   total 168960K, used 98737K [0x0000000080000000, 0x0000000100000000)
  region size 1024K, 7 young (7168K), 7 survivors (7168K)
 Metaspace       used 103397K, committed 105536K, reserved 1179648K
  class space    used 14184K, committed 15232K, reserved 1048576K
}
Event: 90.259 GC heap before
{Heap before GC invocations=51 (full 0):
 garbage-first heap   total 168960K, used 150961K [0x0000000080000000, 0x0000000100000000)
  region size 1024K, 58 young (59392K), 7 survivors (7168K)
 Metaspace       used 108021K, committed 110144K, reserved 1179648K
  class space    used 14805K, committed 15872K, reserved 1048576K
}
Event: 90.292 GC heap after
{Heap after GC invocations=52 (full 0):
 garbage-first heap   total 168960K, used 99847K [0x0000000080000000, 0x0000000100000000)
  region size 1024K, 6 young (6144K), 6 survivors (6144K)
 Metaspace       used 108021K, committed 110144K, reserved 1179648K
  class space    used 14805K, committed 15872K, reserved 1048576K
}
Event: 98.445 GC heap before
{Heap before GC invocations=52 (full 0):
 garbage-first heap   total 168960K, used 152071K [0x0000000080000000, 0x0000000100000000)
  region size 1024K, 58 young (59392K), 6 survivors (6144K)
 Metaspace       used 111632K, committed 113792K, reserved 1179648K
  class space    used 15326K, committed 16384K, reserved 1048576K
}
Event: 98.580 GC heap after
{Heap after GC invocations=53 (full 0):
 garbage-first heap   total 168960K, used 105048K [0x0000000080000000, 0x0000000100000000)
  region size 1024K, 8 young (8192K), 8 survivors (8192K)
 Metaspace       used 111632K, committed 113792K, reserved 1179648K
  class space    used 15326K, committed 16384K, reserved 1048576K
}
Event: 107.495 GC heap before
{Heap before GC invocations=54 (full 0):
 garbage-first heap   total 176128K, used 150104K [0x0000000080000000, 0x0000000100000000)
  region size 1024K, 52 young (53248K), 8 survivors (8192K)
 Metaspace       used 111683K, committed 113856K, reserved 1179648K
  class space    used 15332K, committed 16384K, reserved 1048576K
}
Event: 107.531 GC heap after
{Heap after GC invocations=55 (full 0):
 garbage-first heap   total 176128K, used 109131K [0x0000000080000000, 0x0000000100000000)
  region size 1024K, 4 young (4096K), 4 survivors (4096K)
 Metaspace       used 111683K, committed 113856K, reserved 1179648K
  class space    used 15332K, committed 16384K, reserved 1048576K
}
Event: 126.494 GC heap before
{Heap before GC invocations=55 (full 0):
 garbage-first heap   total 176128K, used 165451K [0x0000000080000000, 0x0000000100000000)
  region size 1024K, 55 young (56320K), 4 survivors (4096K)
 Metaspace       used 113483K, committed 115712K, reserved 1179648K
  class space    used 15517K, committed 16640K, reserved 1048576K
}
Event: 126.673 GC heap after
{Heap after GC invocations=56 (full 0):
 garbage-first heap   total 176128K, used 111229K [0x0000000080000000, 0x0000000100000000)
  region size 1024K, 6 young (6144K), 6 survivors (6144K)
 Metaspace       used 113483K, committed 115712K, reserved 1179648K
  class space    used 15517K, committed 16640K, reserved 1048576K
}
Event: 152.105 GC heap before
{Heap before GC invocations=56 (full 0):
 garbage-first heap   total 176128K, used 158333K [0x0000000080000000, 0x0000000100000000)
  region size 1024K, 53 young (54272K), 6 survivors (6144K)
 Metaspace       used 115124K, committed 117376K, reserved 1179648K
  class space    used 15646K, committed 16768K, reserved 1048576K
}
Event: 152.331 GC heap after
{Heap after GC invocations=57 (full 0):
 garbage-first heap   total 176128K, used 121602K [0x0000000080000000, 0x0000000100000000)
  region size 1024K, 7 young (7168K), 7 survivors (7168K)
 Metaspace       used 115124K, committed 117376K, reserved 1179648K
  class space    used 15646K, committed 16768K, reserved 1048576K
}
Event: 158.888 GC heap before
{Heap before GC invocations=58 (full 0):
 garbage-first heap   total 219136K, used 164610K [0x0000000080000000, 0x0000000100000000)
  region size 1024K, 41 young (41984K), 7 survivors (7168K)
 Metaspace       used 115196K, committed 117440K, reserved 1179648K
  class space    used 15653K, committed 16768K, reserved 1048576K
}
Event: 159.006 GC heap after
{Heap after GC invocations=59 (full 0):
 garbage-first heap   total 219136K, used 142848K [0x0000000080000000, 0x0000000100000000)
  region size 1024K, 6 young (6144K), 6 survivors (6144K)
 Metaspace       used 115196K, committed 117440K, reserved 1179648K
  class space    used 15653K, committed 16768K, reserved 1048576K
}

